sysclib_IMPORTS_start
I_memcpy
I_memset
sysclib_IMPORTS_end

sifcmd_IMPORTS_start
I_sceSifSetRpcQueue
I_sceSifRegisterRpc
I_sceSifRpcLoop
sifcmd_IMPORTS_end

thbase_IMPORTS_start
I_CreateThread
I_StartThread
I_DelayThread
I_GetThreadId
thbase_IMPORTS_end

thsemap_IMPORTS_start
I_CreateSema
I_SignalSema
I_WaitSema
thsemap_IMPORTS_end

libsd_IMPORTS_start
I_sceSdSetParam
I_sceSdSetSwitch
I_sceSdGetSwitch
I_sceSdSetAddr
I_sceSdGetAddr
I_sceSdVoiceTrans
I_sceSdVoiceTransStatus
libsd_IMPORTS_end

iomanX_IMPORTS_start
I_iomanX_open
I_iomanX_close
I_iomanX_read
I_iomanX_lseek
iomanX_IMPORTS_end

stdio_IMPORTS_start
I_printf
stdio_IMPORTS_end
